# JRE version: Java(TM) SE Runtime Environment (18.0.2.1+1) (build 18.0.2.1+1-1)
# Java VM: Java HotSpot(TM) 64-Bit Server VM (18.0.2.1+1-1, mixed mode, emulated-client, sharing, tiered, compressed oops, compressed class ptrs, g1 gc, bsd-amd64)
GC Precious Log:
 CardTable entry size: 512
 Card Set container configuration: InlinePtr #cards 5 size 8 Array Of Cards #cards 12 size 40 Howl #buckets 4 coarsen threshold 1843 Howl Bitmap #cards 512 size 80 coarsen threshold 460 Card regions per heap region 1 cards per card region 2048
 CPUs: 4 total, 4 available
 Memory: 8192M
 Large Page Support: Disabled
 NUMA Support: Disabled
 Compressed Oops: Enabled (Zero based)
 Heap Region Size: 1M
 Heap Min Capacity: 8M
 Heap Initial Capacity: 128M
 Heap Max Capacity: 2G
 Pre-touch: Disabled
 Parallel Workers: 4
 Concurrent Workers: 1
 Concurrent Refinement Workers: 4
 Periodic GC: Disabled
Heap:
 garbage-first heap   total 75776K, used 41493K [0x0000000780000000, 0x0000000800000000)
  region size 1024K, 25 young (25600K), 5 survivors (5120K)
 Metaspace       used 50141K, committed 50688K, reserved 1114112K
  class space    used 7114K, committed 7360K, reserved 1048576K
GC Heap History (20 events):
Event: 1.524 GC heap before
{Heap before GC invocations=0 (full 0):
 garbage-first heap   total 133120K, used 15256K [0x0000000780000000, 0x0000000800000000)
  region size 1024K, 13 young (13312K), 0 survivors (0K)
 Metaspace       used 5936K, committed 6208K, reserved 1114112K
  class space    used 703K, committed 832K, reserved 1048576K
}
Event: 1.533 GC heap after
{Heap after GC invocations=1 (full 0):
 garbage-first heap   total 133120K, used 7160K [0x0000000780000000, 0x0000000800000000)
  region size 1024K, 2 young (2048K), 2 survivors (2048K)
 Metaspace       used 5936K, committed 6208K, reserved 1114112K
  class space    used 703K, committed 832K, reserved 1048576K
}
Event: 1.909 GC heap before
{Heap before GC invocations=1 (full 0):
 garbage-first heap   total 133120K, used 17400K [0x0000000780000000, 0x0000000800000000)
  region size 1024K, 12 young (12288K), 2 survivors (2048K)
 Metaspace       used 7909K, committed 8128K, reserved 1114112K
  class space    used 983K, committed 1088K, reserved 1048576K
}
Event: 1.914 GC heap after
{Heap after GC invocations=2 (full 0):
 garbage-first heap   total 133120K, used 7923K [0x0000000780000000, 0x0000000800000000)
  region size 1024K, 1 young (1024K), 1 survivors (1024K)
 Metaspace       used 7909K, committed 8128K, reserved 1114112K
  class space    used 983K, committed 1088K, reserved 1048576K
}
Event: 2.974 GC heap before
{Heap before GC invocations=2 (full 0):
 garbage-first heap   total 133120K, used 41715K [0x0000000780000000, 0x0000000800000000)
  region size 1024K, 35 young (35840K), 1 survivors (1024K)
 Metaspace       used 15229K, committed 15424K, reserved 1114112K
  class space    used 2100K, committed 2176K, reserved 1048576K
}
Event: 2.981 GC heap after
{Heap after GC invocations=3 (full 0):
 garbage-first heap   total 133120K, used 10478K [0x0000000780000000, 0x0000000800000000)
  region size 1024K, 4 young (4096K), 4 survivors (4096K)
 Metaspace       used 15229K, committed 15424K, reserved 1114112K
  class space    used 2100K, committed 2176K, reserved 1048576K
}
Event: 3.968 GC heap before
{Heap before GC invocations=3 (full 0):
 garbage-first heap   total 133120K, used 49390K [0x0000000780000000, 0x0000000800000000)
  region size 1024K, 43 young (44032K), 4 survivors (4096K)
 Metaspace       used 21223K, committed 21504K, reserved 1114112K
  class space    used 2846K, committed 2944K, reserved 1048576K
}
Event: 3.983 GC heap after
{Heap after GC invocations=4 (full 0):
 garbage-first heap   total 133120K, used 13397K [0x0000000780000000, 0x0000000800000000)
  region size 1024K, 6 young (6144K), 6 survivors (6144K)
 Metaspace       used 21223K, committed 21504K, reserved 1114112K
  class space    used 2846K, committed 2944K, reserved 1048576K
}
Event: 4.877 GC heap before
{Heap before GC invocations=5 (full 0):
 garbage-first heap   total 55296K, used 40021K [0x0000000780000000, 0x0000000800000000)
  region size 1024K, 32 young (32768K), 6 survivors (6144K)
 Metaspace       used 24858K, committed 25280K, reserved 1114112K
  class space    used 3420K, committed 3584K, reserved 1048576K
}
Event: 4.894 GC heap after
{Heap after GC invocations=6 (full 0):
 garbage-first heap   total 55296K, used 15685K [0x0000000780000000, 0x0000000800000000)
  region size 1024K, 3 young (3072K), 3 survivors (3072K)
 Metaspace       used 24858K, committed 25280K, reserved 1114112K
  class space    used 3420K, committed 3584K, reserved 1048576K
}
Event: 4.950 GC heap before
{Heap before GC invocations=6 (full 0):
 garbage-first heap   total 55296K, used 16709K [0x0000000780000000, 0x0000000800000000)
  region size 1024K, 4 young (4096K), 3 survivors (3072K)
 Metaspace       used 25089K, committed 25536K, reserved 1114112K
  class space    used 3467K, committed 3648K, reserved 1048576K
}
Event: 4.958 GC heap after
{Heap after GC invocations=7 (full 0):
 garbage-first heap   total 55296K, used 15810K [0x0000000780000000, 0x0000000800000000)
  region size 1024K, 1 young (1024K), 1 survivors (1024K)
 Metaspace       used 25089K, committed 25536K, reserved 1114112K
  class space    used 3467K, committed 3648K, reserved 1048576K
}
Event: 5.678 GC heap before
{Heap before GC invocations=7 (full 0):
 garbage-first heap   total 55296K, used 37314K [0x0000000780000000, 0x0000000800000000)
  region size 1024K, 23 young (23552K), 1 survivors (1024K)
 Metaspace       used 29028K, committed 29504K, reserved 1114112K
  class space    used 3989K, committed 4224K, reserved 1048576K
}
Event: 5.684 GC heap after
{Heap after GC invocations=8 (full 0):
 garbage-first heap   total 55296K, used 17687K [0x0000000780000000, 0x0000000800000000)
  region size 1024K, 3 young (3072K), 3 survivors (3072K)
 Metaspace       used 29028K, committed 29504K, reserved 1114112K
  class space    used 3989K, committed 4224K, reserved 1048576K
}
Event: 6.490 GC heap before
{Heap before GC invocations=8 (full 0):
 garbage-first heap   total 55296K, used 38167K [0x0000000780000000, 0x0000000800000000)
  region size 1024K, 24 young (24576K), 3 survivors (3072K)
 Metaspace       used 34018K, committed 34560K, reserved 1114112K
  class space    used 4741K, committed 4992K, reserved 1048576K
}
Event: 6.508 GC heap after
{Heap after GC invocations=9 (full 0):
 garbage-first heap   total 55296K, used 18965K [0x0000000780000000, 0x0000000800000000)
  region size 1024K, 2 young (2048K), 2 survivors (2048K)
 Metaspace       used 34018K, committed 34560K, reserved 1114112K
  class space    used 4741K, committed 4992K, reserved 1048576K
}
Event: 6.816 GC heap before
{Heap before GC invocations=9 (full 0):
 garbage-first heap   total 55296K, used 24085K [0x0000000780000000, 0x0000000800000000)
  region size 1024K, 8 young (8192K), 2 survivors (2048K)
 Metaspace       used 35613K, committed 36096K, reserved 1114112K
  class space    used 4963K, committed 5184K, reserved 1048576K
}
Event: 6.824 GC heap after
{Heap after GC invocations=10 (full 0):
 garbage-first heap   total 80896K, used 19374K [0x0000000780000000, 0x0000000800000000)
  region size 1024K, 2 young (2048K), 2 survivors (2048K)
 Metaspace       used 35613K, committed 36096K, reserved 1114112K
  class space    used 4963K, committed 5184K, reserved 1048576K
}
Event: 8.446 GC heap before
{Heap before GC invocations=11 (full 0):
 garbage-first heap   total 75776K, used 59310K [0x0000000780000000, 0x0000000800000000)
  region size 1024K, 42 young (43008K), 2 survivors (2048K)
 Metaspace       used 46254K, committed 46720K, reserved 1114112K
  class space    used 6574K, committed 6784K, reserved 1048576K
}
Event: 8.457 GC heap after
{Heap after GC invocations=12 (full 0):
 garbage-first heap   total 75776K, used 22037K [0x0000000780000000, 0x0000000800000000)
  region size 1024K, 5 young (5120K), 5 survivors (5120K)
 Metaspace       used 46254K, committed 46720K, reserved 1114112K
  class space    used 6574K, committed 6784K, reserved 1048576K
}

