# JRE version: Java(TM) SE Runtime Environment (18.0.2.1+1) (build 18.0.2.1+1-1)
# Java VM: Java HotSpot(TM) 64-Bit Server VM (18.0.2.1+1-1, mixed mode, emulated-client, sharing, tiered, compressed oops, compressed class ptrs, g1 gc, bsd-amd64)
GC Precious Log:
 CardTable entry size: 512
 Card Set container configuration: InlinePtr #cards 5 size 8 Array Of Cards #cards 12 size 40 Howl #buckets 4 coarsen threshold 1843 Howl Bitmap #cards 512 size 80 coarsen threshold 460 Card regions per heap region 1 cards per card region 2048
 CPUs: 4 total, 4 available
 Memory: 8192M
 Large Page Support: Disabled
 NUMA Support: Disabled
 Compressed Oops: Enabled (Zero based)
 Heap Region Size: 1M
 Heap Min Capacity: 8M
 Heap Initial Capacity: 128M
 Heap Max Capacity: 2G
 Pre-touch: Disabled
 Parallel Workers: 4
 Concurrent Workers: 1
 Concurrent Refinement Workers: 4
 Periodic GC: Disabled
Heap:
 garbage-first heap   total 66560K, used 20758K [0x0000000780000000, 0x0000000800000000)
  region size 1024K, 4 young (4096K), 2 survivors (2048K)
 Metaspace       used 35846K, committed 36288K, reserved 1114112K
  class space    used 4912K, committed 5120K, reserved 1048576K
GC Heap History (16 events):
Event: 1.916 GC heap before
{Heap before GC invocations=0 (full 0):
 garbage-first heap   total 133120K, used 14232K [0x0000000780000000, 0x0000000800000000)
  region size 1024K, 13 young (13312K), 0 survivors (0K)
 Metaspace       used 3261K, committed 3456K, reserved 1114112K
  class space    used 377K, committed 448K, reserved 1048576K
}
Event: 1.930 GC heap after
{Heap after GC invocations=1 (full 0):
 garbage-first heap   total 133120K, used 6568K [0x0000000780000000, 0x0000000800000000)
  region size 1024K, 2 young (2048K), 2 survivors (2048K)
 Metaspace       used 3261K, committed 3456K, reserved 1114112K
  class space    used 377K, committed 448K, reserved 1048576K
}
Event: 2.851 GC heap before
{Heap before GC invocations=1 (full 0):
 garbage-first heap   total 133120K, used 18856K [0x0000000780000000, 0x0000000800000000)
  region size 1024K, 14 young (14336K), 2 survivors (2048K)
 Metaspace       used 7059K, committed 7232K, reserved 1114112K
  class space    used 836K, committed 896K, reserved 1048576K
}
Event: 2.861 GC heap after
{Heap after GC invocations=2 (full 0):
 garbage-first heap   total 133120K, used 8114K [0x0000000780000000, 0x0000000800000000)
  region size 1024K, 2 young (2048K), 2 survivors (2048K)
 Metaspace       used 7059K, committed 7232K, reserved 1114112K
  class space    used 836K, committed 896K, reserved 1048576K
}
Event: 4.279 GC heap before
{Heap before GC invocations=2 (full 0):
 garbage-first heap   total 133120K, used 31666K [0x0000000780000000, 0x0000000800000000)
  region size 1024K, 26 young (26624K), 2 survivors (2048K)
 Metaspace       used 11302K, committed 11520K, reserved 1114112K
  class space    used 1473K, committed 1600K, reserved 1048576K
}
Event: 4.285 GC heap after
{Heap after GC invocations=3 (full 0):
 garbage-first heap   total 133120K, used 9509K [0x0000000780000000, 0x0000000800000000)
  region size 1024K, 3 young (3072K), 3 survivors (3072K)
 Metaspace       used 11302K, committed 11520K, reserved 1114112K
  class space    used 1473K, committed 1600K, reserved 1048576K
}
Event: 6.648 GC heap before
{Heap before GC invocations=3 (full 0):
 garbage-first heap   total 133120K, used 74021K [0x0000000780000000, 0x0000000800000000)
  region size 1024K, 68 young (69632K), 3 survivors (3072K)
 Metaspace       used 21270K, committed 21504K, reserved 1114112K
  class space    used 2816K, committed 2944K, reserved 1048576K
}
Event: 6.662 GC heap after
{Heap after GC invocations=4 (full 0):
 garbage-first heap   total 133120K, used 13416K [0x0000000780000000, 0x0000000800000000)
  region size 1024K, 7 young (7168K), 7 survivors (7168K)
 Metaspace       used 21270K, committed 21504K, reserved 1114112K
  class space    used 2816K, committed 2944K, reserved 1048576K
}
Event: 7.954 GC heap before
{Heap before GC invocations=5 (full 0):
 garbage-first heap   total 55296K, used 39016K [0x0000000780000000, 0x0000000800000000)
  region size 1024K, 32 young (32768K), 7 survivors (7168K)
 Metaspace       used 24704K, committed 25152K, reserved 1114112K
  class space    used 3314K, committed 3520K, reserved 1048576K
}
Event: 7.971 GC heap after
{Heap after GC invocations=6 (full 0):
 garbage-first heap   total 55296K, used 15050K [0x0000000780000000, 0x0000000800000000)
  region size 1024K, 2 young (2048K), 2 survivors (2048K)
 Metaspace       used 24704K, committed 25152K, reserved 1114112K
  class space    used 3314K, committed 3520K, reserved 1048576K
}
Event: 8.921 GC heap before
{Heap before GC invocations=6 (full 0):
 garbage-first heap   total 55296K, used 37578K [0x0000000780000000, 0x0000000800000000)
  region size 1024K, 25 young (25600K), 2 survivors (2048K)
 Metaspace       used 28495K, committed 28928K, reserved 1114112K
  class space    used 3863K, committed 4096K, reserved 1048576K
}
Event: 8.934 GC heap after
{Heap after GC invocations=7 (full 0):
 garbage-first heap   total 55296K, used 17768K [0x0000000780000000, 0x0000000800000000)
  region size 1024K, 4 young (4096K), 4 survivors (4096K)
 Metaspace       used 28495K, committed 28928K, reserved 1114112K
  class space    used 3863K, committed 4096K, reserved 1048576K
}
Event: 9.848 GC heap before
{Heap before GC invocations=7 (full 0):
 garbage-first heap   total 55296K, used 39272K [0x0000000780000000, 0x0000000800000000)
  region size 1024K, 25 young (25600K), 4 survivors (4096K)
 Metaspace       used 31827K, committed 32384K, reserved 1114112K
  class space    used 4300K, committed 4544K, reserved 1048576K
}
Event: 9.863 GC heap after
{Heap after GC invocations=8 (full 0):
 garbage-first heap   total 55296K, used 19290K [0x0000000780000000, 0x0000000800000000)
  region size 1024K, 2 young (2048K), 2 survivors (2048K)
 Metaspace       used 31827K, committed 32384K, reserved 1114112K
  class space    used 4300K, committed 4544K, reserved 1048576K
}
Event: 10.576 GC heap before
{Heap before GC invocations=8 (full 0):
 garbage-first heap   total 55296K, used 34650K [0x0000000780000000, 0x0000000800000000)
  region size 1024K, 18 young (18432K), 2 survivors (2048K)
 Metaspace       used 35437K, committed 35968K, reserved 1114112K
  class space    used 4874K, committed 5120K, reserved 1048576K
}
Event: 10.581 GC heap after
{Heap after GC invocations=9 (full 0):
 garbage-first heap   total 66560K, used 19734K [0x0000000780000000, 0x0000000800000000)
  region size 1024K, 2 young (2048K), 2 survivors (2048K)
 Metaspace       used 35437K, committed 35968K, reserved 1114112K
  class space    used 4874K, committed 5120K, reserved 1048576K
}

